<?xml version="1.0" encoding="UTF-8"?>
<!-- Generated by org.testng.reporters.JUnitReportReporter -->
<testsuite hostname="DESKTOP-CAL2MVB" failures="0" tests="2" name="testCases.TC002_Login" time="65.012" errors="0" timestamp="2025-07-02T23:03:13 CDT" skipped="0">
  <testcase classname="testCases.TC002_Login" name="Login" time="33.689"/>
  <testcase classname="testCases.TC002_Login" name="Login" time="31.323"/>
</testsuite> <!-- testCases.TC002_Login -->
