<?xml version="1.0" encoding="UTF-8"?>
<!-- Generated by org.testng.reporters.JUnitReportReporter -->
<testsuite hostname="DESKTOP-CAL2MVB" failures="0" tests="1" name="testCases.TC001_AccountRegistration" time="15.367" errors="0" timestamp="9 Jul 2025 22:59:08 GMT">
  <testcase classname="testCases.TC001_AccountRegistration" name="Login" time="15.367"/>
</testsuite> <!-- testCases.TC001_AccountRegistration -->
