<?xml version="1.0" encoding="UTF-8"?>
<!-- Generated by org.testng.reporters.JUnitReportReporter -->
<testsuite hostname="DESKTOP-CAL2MVB" failures="0" tests="1" name="testCases.TC002_Login" time="19.085" errors="0" timestamp="10 Jul 2025 04:00:57 GMT">
  <testcase classname="testCases.TC002_Login" name="Login" time="19.085"/>
</testsuite> <!-- testCases.TC002_Login -->
